GROUP,PACKAGE,CLASS,INSTRUCTION_MISSED,INSTRUCTION_COVERED,BRANCH_MISSED,BRANCH_COVERED,LINE_MISSED,LINE_COVERED,COMPLEXITY_MISSED,COMPLEXITY_COVERED,METHOD_MISSED,METHOD_COVERED
SonarQube Modelsim Plugin,org.sonar.plugins.modelsim,ModelsimSensor,10,56,5,1,1,16,3,5,0,5
SonarQube Modelsim Plugin,org.sonar.plugins.modelsim,ModelsimPlugin,0,29,0,0,0,12,0,3,0,3
SonarQube Modelsim Plugin,org.sonar.plugins.modelsim,ModelsimReportParser,6,170,1,19,2,48,1,17,0,8
SonarQube Modelsim Plugin,com.s2ceh.sonar.plugins.vhdl,Vhdl,45,0,6,0,7,0,7,0,4,0
