<?xml version="1.0" encoding="UTF-8"?>
<testsuite name="org.sonar.plugins.modelsim.ModelsimSensorTest" time="0.645" tests="6" errors="0" skipped="0" failures="0">
  <properties>
[...]
</properties>
  <testcase name="vhdlFileHasNoCoverageSoAddedAFakeOneToShowAsCovered" classname="org.sonar.plugins.modelsim.ModelsimSensorTest" time="0.617"/>
  <testcase name="shouldExecuteOnlyOnVhdlFiles" classname="org.sonar.plugins.modelsim.ModelsimSensorTest" time="0.012"/>
  <testcase name="shouldNotFailIfReportNotSpecifiedOrNotFound" classname="org.sonar.plugins.modelsim.ModelsimSensorTest" time="0.001"/>
  <testcase name="testDoNotSaveMeasureOnResourceWhichDoesntExistInTheContext" classname="org.sonar.plugins.modelsim.ModelsimSensorTest" time="0.002"/>
  <testcase name="testInvalidXml" classname="org.sonar.plugins.modelsim.ModelsimSensorTest" time="0.012"/>
  <testcase name="collectFileLineCoverage" classname="org.sonar.plugins.modelsim.ModelsimSensorTest" time="0.001"/>
</testsuite>